<?xml version="1.0" encoding="UTF-8"?>
<testsuite name="kz.kta.KtaApplicationTests" tests="1" skipped="0" failures="0" errors="0" timestamp="2026-07-26T15:57:19.889Z" hostname="MacBook-Air-R" time="38.516">
  <properties/>
  <testcase name="contextLoads()" classname="kz.kta.KtaApplicationTests" time="2.305"/>
  <system-out><![CDATA[20:57:20.539 [Test worker] INFO org.springframework.test.context.support.AnnotationConfigContextLoaderUtils -- Could not detect default configuration classes for test class [kz.kta.KtaApplicationTests]: KtaApplicationTests does not declare any static, non-private, non-final, nested classes annotated with @Configuration.
20:57:21.002 [Test worker] INFO org.springframework.boot.test.context.SpringBootTestContextBootstrapper -- Found @SpringBootConfiguration kz.kta.KtaApplication for test class kz.kta.KtaApplicationTests

  .   ____          _            __ _ _
 /\\ / ___'_ __ _ _(_)_ __  __ _ \ \ \ \
( ( )\___ | '_ | '_| | '_ \/ _` | \ \ \ \
 \\/  ___)| |_)| | | | | || (_| |  ) ) ) )
  '  |____| .__|_| |_|_| |_\__, | / / / /
 =========|_|==============|___/=/_/_/_/

 :: Spring Boot ::                (v3.3.5)

2026-07-26T20:57:22.402+05:00  INFO 50075 --- [    Test worker] kz.kta.KtaApplicationTests               : Starting KtaApplicationTests using Java 21.0.11 with PID 50075 (started by r in /Users/r/Documents/New project/demo 5)
2026-07-26T20:57:22.405+05:00  INFO 50075 --- [    Test worker] kz.kta.KtaApplicationTests               : No active profile set, falling back to 1 default profile: "default"
2026-07-26T20:57:25.867+05:00  INFO 50075 --- [    Test worker] .s.d.r.c.RepositoryConfigurationDelegate : Multiple Spring Data modules found, entering strict repository configuration mode
2026-07-26T20:57:25.873+05:00  INFO 50075 --- [    Test worker] .s.d.r.c.RepositoryConfigurationDelegate : Bootstrapping Spring Data JPA repositories in DEFAULT mode.
2026-07-26T20:57:26.438+05:00  INFO 50075 --- [    Test worker] .s.d.r.c.RepositoryConfigurationDelegate : Finished Spring Data repository scanning in 531 ms. Found 15 JPA repository interfaces.
2026-07-26T20:57:29.259+05:00  INFO 50075 --- [    Test worker] o.hibernate.jpa.internal.util.LogHelper  : HHH000204: Processing PersistenceUnitInfo [name: default]
2026-07-26T20:57:29.472+05:00  INFO 50075 --- [    Test worker] org.hibernate.Version                    : HHH000412: Hibernate ORM core version 6.5.3.Final
2026-07-26T20:57:29.593+05:00  INFO 50075 --- [    Test worker] o.h.c.internal.RegionFactoryInitiator    : HHH000026: Second-level cache disabled
2026-07-26T20:57:30.473+05:00  INFO 50075 --- [    Test worker] o.s.o.j.p.SpringPersistenceUnitInfo      : No LoadTimeWeaver setup: ignoring JPA class transformer
2026-07-26T20:57:30.555+05:00  INFO 50075 --- [    Test worker] com.zaxxer.hikari.HikariDataSource       : HikariPool-1 - Starting...
2026-07-26T20:57:31.056+05:00  INFO 50075 --- [    Test worker] com.zaxxer.hikari.pool.HikariPool        : HikariPool-1 - Added connection conn0: url=jdbc:h2:mem:kta user=SA
2026-07-26T20:57:31.060+05:00  INFO 50075 --- [    Test worker] com.zaxxer.hikari.HikariDataSource       : HikariPool-1 - Start completed.
2026-07-26T20:57:34.759+05:00  INFO 50075 --- [    Test worker] o.h.e.t.j.p.i.JtaPlatformInitiator       : HHH000489: No JTA platform available (set 'hibernate.transaction.jta.platform' to enable JTA platform integration)
2026-07-26T20:57:34.976+05:00  INFO 50075 --- [    Test worker] j.LocalContainerEntityManagerFactoryBean : Initialized JPA EntityManagerFactory for persistence unit 'default'
2026-07-26T20:57:38.565+05:00  INFO 50075 --- [    Test worker] o.s.d.j.r.query.QueryEnhancerFactory     : Hibernate is in classpath; If applicable, HQL parser will be used.
2026-07-26T20:57:44.541+05:00  INFO 50075 --- [    Test worker] r$InitializeUserDetailsManagerConfigurer : Global AuthenticationManager configured with UserDetailsService bean with name userAccountDetailsService
2026-07-26T20:57:49.753+05:00  WARN 50075 --- [    Test worker] JpaBaseConfiguration$JpaWebConfiguration : spring.jpa.open-in-view is enabled by default. Therefore, database queries may be performed during view rendering. Explicitly configure spring.jpa.open-in-view to disable this warning
2026-07-26T20:57:54.909+05:00  INFO 50075 --- [    Test worker] kz.kta.KtaApplicationTests               : Started KtaApplicationTests in 33.256 seconds (process running for 44.187)
]]></system-out>
  <system-err><![CDATA[WARNING: A Java agent has been loaded dynamically (/Users/r/.gradle/caches/modules-2/files-2.1/net.bytebuddy/byte-buddy-agent/1.14.19/154da3a65b4f4a909d3e5bdec55d1b2b4cbb6ce1/byte-buddy-agent-1.14.19.jar)
WARNING: If a serviceability tool is in use, please run with -XX:+EnableDynamicAgentLoading to hide this warning
WARNING: If a serviceability tool is not in use, please run with -Djdk.instrument.traceUsage for more information
WARNING: Dynamic loading of agents will be disallowed by default in a future release
]]></system-err>
</testsuite>
