<?xml version="1.0" encoding="UTF-8"?>
<testsuite name="kz.kta.TestFlowIntegrationTests" tests="6" skipped="0" failures="0" errors="0" timestamp="2026-07-26T15:57:58.442Z" hostname="MacBook-Air-R" time="16.418">
  <properties/>
  <testcase name="chatMessagesAreStoredWithRealUserNameAndRole()" classname="kz.kta.TestFlowIntegrationTests" time="1.927"/>
  <testcase name="studentCanCompletePublishedTestWithoutCorrectAnswersLeaking()" classname="kz.kta.TestFlowIntegrationTests" time="0.557"/>
  <testcase name="registrationCodeCanBeRequestedAgainBeforeVerification()" classname="kz.kta.TestFlowIntegrationTests" time="0.791"/>
  <testcase name="newStudentProgressStartsAtZeroAndLessonCompletionIsIdempotent()" classname="kz.kta.TestFlowIntegrationTests" time="0.593"/>
  <testcase name="teacherCanImportQuestionsFromWordDocument()" classname="kz.kta.TestFlowIntegrationTests" time="2.663"/>
  <testcase name="onlyTeacherCanCreateTest()" classname="kz.kta.TestFlowIntegrationTests" time="0.82"/>
  <system-out><![CDATA[2026-07-26T20:57:58.448+05:00  INFO 50075 --- [    Test worker] t.c.s.AnnotationConfigContextLoaderUtils : Could not detect default configuration classes for test class [kz.kta.TestFlowIntegrationTests]: TestFlowIntegrationTests does not declare any static, non-private, non-final, nested classes annotated with @Configuration.
2026-07-26T20:57:58.473+05:00  INFO 50075 --- [    Test worker] .b.t.c.SpringBootTestContextBootstrapper : Found @SpringBootConfiguration kz.kta.KtaApplication for test class kz.kta.TestFlowIntegrationTests

  .   ____          _            __ _ _
 /\\ / ___'_ __ _ _(_)_ __  __ _ \ \ \ \
( ( )\___ | '_ | '_| | '_ \/ _` | \ \ \ \
 \\/  ___)| |_)| | | | | || (_| |  ) ) ) )
  '  |____| .__|_| |_|_| |_\__, | / / / /
 =========|_|==============|___/=/_/_/_/

 :: Spring Boot ::                (v3.3.5)

2026-07-26T20:57:58.569+05:00  INFO 50075 --- [    Test worker] kz.kta.TestFlowIntegrationTests          : Starting TestFlowIntegrationTests using Java 21.0.11 with PID 50075 (started by r in /Users/r/Documents/New project/demo 5)
2026-07-26T20:57:58.569+05:00  INFO 50075 --- [    Test worker] kz.kta.TestFlowIntegrationTests          : No active profile set, falling back to 1 default profile: "default"
2026-07-26T20:57:59.989+05:00  INFO 50075 --- [    Test worker] .s.d.r.c.RepositoryConfigurationDelegate : Multiple Spring Data modules found, entering strict repository configuration mode
2026-07-26T20:58:00.119+05:00  INFO 50075 --- [    Test worker] .s.d.r.c.RepositoryConfigurationDelegate : Bootstrapping Spring Data JPA repositories in DEFAULT mode.
2026-07-26T20:58:00.464+05:00  INFO 50075 --- [    Test worker] .s.d.r.c.RepositoryConfigurationDelegate : Finished Spring Data repository scanning in 343 ms. Found 15 JPA repository interfaces.
2026-07-26T20:58:01.156+05:00  INFO 50075 --- [    Test worker] o.hibernate.jpa.internal.util.LogHelper  : HHH000204: Processing PersistenceUnitInfo [name: default]
2026-07-26T20:58:01.165+05:00  INFO 50075 --- [    Test worker] o.h.c.internal.RegionFactoryInitiator    : HHH000026: Second-level cache disabled
2026-07-26T20:58:01.209+05:00  INFO 50075 --- [    Test worker] o.s.o.j.p.SpringPersistenceUnitInfo      : No LoadTimeWeaver setup: ignoring JPA class transformer
2026-07-26T20:58:01.218+05:00  INFO 50075 --- [    Test worker] com.zaxxer.hikari.HikariDataSource       : HikariPool-2 - Starting...
2026-07-26T20:58:01.275+05:00  INFO 50075 --- [    Test worker] com.zaxxer.hikari.pool.HikariPool        : HikariPool-2 - Added connection conn10: url=jdbc:h2:mem:kta user=SA
2026-07-26T20:58:01.283+05:00  INFO 50075 --- [    Test worker] com.zaxxer.hikari.HikariDataSource       : HikariPool-2 - Start completed.
2026-07-26T20:58:03.203+05:00  INFO 50075 --- [    Test worker] o.h.e.t.j.p.i.JtaPlatformInitiator       : HHH000489: No JTA platform available (set 'hibernate.transaction.jta.platform' to enable JTA platform integration)
2026-07-26T20:58:03.425+05:00  INFO 50075 --- [    Test worker] j.LocalContainerEntityManagerFactoryBean : Initialized JPA EntityManagerFactory for persistence unit 'default'
2026-07-26T20:58:03.751+05:00  INFO 50075 --- [    Test worker] r$InitializeUserDetailsManagerConfigurer : Global AuthenticationManager configured with UserDetailsService bean with name userAccountDetailsService
2026-07-26T20:58:04.923+05:00  WARN 50075 --- [    Test worker] JpaBaseConfiguration$JpaWebConfiguration : spring.jpa.open-in-view is enabled by default. Therefore, database queries may be performed during view rendering. Explicitly configure spring.jpa.open-in-view to disable this warning
2026-07-26T20:58:06.040+05:00  INFO 50075 --- [    Test worker] o.s.b.t.m.w.SpringBootMockServletContext : Initializing Spring TestDispatcherServlet ''
2026-07-26T20:58:06.041+05:00  INFO 50075 --- [    Test worker] o.s.t.web.servlet.TestDispatcherServlet  : Initializing Servlet ''
2026-07-26T20:58:06.044+05:00  INFO 50075 --- [    Test worker] o.s.t.web.servlet.TestDispatcherServlet  : Completed initialization in 3 ms
2026-07-26T20:58:06.089+05:00  INFO 50075 --- [    Test worker] kz.kta.TestFlowIntegrationTests          : Started TestFlowIntegrationTests in 7.605 seconds (process running for 55.368)
2026-07-26T20:58:10.191+05:00  INFO 50075 --- [    Test worker] k.k.a.RegistrationVerificationService    : Email verification code for repeat-b1e82fbd-7f01-452f-82f1-c6ef6f941e9b@kta.kz is 123456
2026-07-26T20:58:10.435+05:00  INFO 50075 --- [    Test worker] k.k.a.RegistrationVerificationService    : Email verification code for repeat-b1e82fbd-7f01-452f-82f1-c6ef6f941e9b@kta.kz is 123456
2026-07-26T20:58:11.019+05:00  INFO 50075 --- [    Test worker] k.k.a.RegistrationVerificationService    : Email verification code for new-eace2f16-04d6-44c4-9ff0-18a89976f2a3@example.kz is 123456
2026-07-26T20:58:14.842+05:00  WARN 50075 --- [    Test worker] .w.s.m.s.DefaultHandlerExceptionResolver : Resolved [org.springframework.web.bind.MethodArgumentNotValidException: Validation failed for argument [0] in kz.kta.test.TestDtos$TeacherTestDetails kz.kta.test.TestController.createTeacherTest(kz.kta.test.TestDtos$TeacherTestRequest) with 4 errors: [Field error in object 'teacherTestRequest' on field 'slug': rejected value [null]; codes [NotBlank.teacherTestRequest.slug,NotBlank.slug,NotBlank.java.lang.String,NotBlank]; arguments [org.springframework.context.support.DefaultMessageSourceResolvable: codes [teacherTestRequest.slug,slug]; arguments []; default message [slug]]; default message [must not be blank]] [Field error in object 'teacherTestRequest' on field 'subject': rejected value [null]; codes [NotBlank.teacherTestRequest.subject,NotBlank.subject,NotBlank.java.lang.String,NotBlank]; arguments [org.springframework.context.support.DefaultMessageSourceResolvable: codes [teacherTestRequest.subject,subject]; arguments []; default message [subject]]; default message [must not be blank]] [Field error in object 'teacherTestRequest' on field 'title': rejected value [null]; codes [NotBlank.teacherTestRequest.title,NotBlank.title,NotBlank.java.lang.String,NotBlank]; arguments [org.springframework.context.support.DefaultMessageSourceResolvable: codes [teacherTestRequest.title,title]; arguments []; default message [title]]; default message [must not be blank]] [Field error in object 'teacherTestRequest' on field 'timeLimitMinutes': rejected value [0]; codes [Positive.teacherTestRequest.timeLimitMinutes,Positive.timeLimitMinutes,Positive.int,Positive]; arguments [org.springframework.context.support.DefaultMessageSourceResolvable: codes [teacherTestRequest.timeLimitMinutes,timeLimitMinutes]; arguments []; default message [timeLimitMinutes]]; default message [must be greater than 0]] ]
]]></system-out>
  <system-err><![CDATA[]]></system-err>
</testsuite>
